#
# A fatal error has been detected by the Java Runtime Environment:
#
#  SIGSEGV (0xb) at pc=0x0000000000000000, pid=8370, tid=140100356929280
#
# JRE version: 7.0
# Java VM: OpenJDK 64-Bit Server VM (21.0-b17 mixed mode linux-amd64 compressed oops)
# Problematic frame:
# C  0x0000000000000000
#
# Failed to write core dump. Core dumps have been disabled. To enable core dumping, try "ulimit -c unlimited" before starting Java again
#
# If you would like to submit a bug report, please include
# instructions on how to reproduce the bug and visit:
#   http://icedtea.classpath.org/bugzilla
#

---------------  T H R E A D  ---------------

Current thread (0x00007f6ba0006800):  JavaThread "main" [_thread_in_Java, id=8374, stack(0x00007f6ba7f1f000,0x00007f6ba8020000)]

siginfo:si_signo=SIGSEGV: si_errno=0, si_code=1 (SEGV_MAPERR), si_addr=0x0000000000000000

Registers:
RAX=0x0000000000000000, RBX=0x0000000080c14be0, RCX=0x00000000d90b0d98, RDX=0x000000000c800001
RSP=0x00007f6ba801d950, RBP=0x00007f6ba801d9a0, RSI=0x0000000000000000, RDI=0x00007f6ba0006fe0
R8 =0x00007f6ba45f8000, R9 =0x00000000fffffffe, R10=0x00007f6ba8c61500, R11=0x00007f6ba801d8c0
R12=0x0000000000000000, R13=0x00007f6ba801d958, R14=0x00007f6ba801d9a8, R15=0x00007f6ba0006800
RIP=0x0000000000000000, EFLAGS=0x0000000000010246, CSGSFS=0x0000000000000033, ERR=0x0000000000000014
  TRAPNO=0x000000000000000e

Top of Stack: (sp=0x00007f6ba801d950)
0x00007f6ba801d950:   00007f6ba46be290 00000000d90b0d98
0x00007f6ba801d960:   00007f6ba801d960 0000000080c23efb
0x00007f6ba801d970:   00007f6ba801d9a8 0000000080ca77b0
0x00007f6ba801d980:   0000000000000000 0000000080c23f38
0x00007f6ba801d990:   00007f6ba801d958 00007f6ba801d9b0
0x00007f6ba801d9a0:   00007f6ba801da10 00007f6ba46b8438
0x00007f6ba801d9b0:   00007f6b00001fa0 0000000000000000
0x00007f6ba801d9c0:   00007f6ba801dba0 00007f6ba801db20
0x00007f6ba801d9d0:   00007f6ba0007198 00007f6ba0006800
0x00007f6ba801d9e0:   00007f6ba801da50 00007f6ba801dba8
0x00007f6ba801d9f0:   00007f6b0000000a 0000000080c23f38
0x00007f6ba801da00:   00007f6ba46c81e0 00007f6ba801db28
0x00007f6ba801da10:   00007f6ba801daf0 00007f6ba8503a47
0x00007f6ba801da20:   00007f6b00000000 00007f6ba0006800
0x00007f6ba801da30:   00007f6ba801dc40 00007f6ba00050b0
0x00007f6ba801da40:   00007f6ba46c81e0 000000000000000a
0x00007f6ba801da50:   00007f6ba0006800 00007f6ba0087b20
0x00007f6ba801da60:   0000000080c23f38 0000000000000000
0x00007f6ba801da70:   00007f6ba801e430 00007f6ba46c9b84
0x00007f6ba801da80:   00007f6ba801e480 00007f6ba801dba0
0x00007f6ba801da90:   00007f6ba0006800 00007f6ba0005650
0x00007f6ba801daa0:   00007f6ba0006fe0 00007f6ba00071a0
0x00007f6ba801dab0:   00007f6ba00073c8 00007f6ba801dcf0
0x00007f6ba801dac0:   00007f6ba801db10 0000000080c23f38
0x00007f6ba801dad0:   00007f6ba0006800 00007f6ba0005650
0x00007f6ba801dae0:   00007f6ba002265a 0000000000000013
0x00007f6ba801daf0:   00007f6ba801db10 00007f6ba85032e5
0x00007f6ba801db00:   00007f6ba0007198 0000000000000013
0x00007f6ba801db10:   00007f6ba801dbd0 00007f6ba84ca13f
0x00007f6ba801db20:   0000000000000000 0000000000000000
0x00007f6ba801db30:   00007f6ba801db50 00007fff2ab167e5
0x00007f6ba801db40:   00007f6ba801db80 00007f6ba801db80 

Instructions: (pc=0x0000000000000000)
0xffffffffffffffe0:   

Register to memory mapping:

RAX=0x0000000000000000 is an unknown value
RBX=0x0000000080c14be0 is an oop
{method} 
 - klass: {other class}
RCX=0x00000000d90b0d98 is an oop
java.lang.Class 
 - klass: 'java/lang/Class'
RDX=0x000000000c800001 is an unknown value
RSP=0x00007f6ba801d950 is pointing into the stack for thread: 0x00007f6ba0006800
RBP=0x00007f6ba801d9a0 is pointing into the stack for thread: 0x00007f6ba0006800
RSI=0x0000000000000000 is an unknown value
RDI=0x00007f6ba0006fe0 is an unknown value
R8 =0x00007f6ba45f8000 is an unknown value
R9 =0x00000000fffffffe is an unallocated location in the heap
R10=0x00007f6ba8c61500: <offset 0xc41500> in /usr/lib/jvm/java-1.7.0-openjdk-1.7.0.1.x86_64/jre/lib/amd64/server/libjvm.so at 0x00007f6ba8020000
R11=0x00007f6ba801d8c0 is pointing into the stack for thread: 0x00007f6ba0006800
R12=0x0000000000000000 is an unknown value
R13=0x00007f6ba801d958 is pointing into the stack for thread: 0x00007f6ba0006800
R14=0x00007f6ba801d9a8 is pointing into the stack for thread: 0x00007f6ba0006800
R15=0x00007f6ba0006800 is a thread


Stack: [0x00007f6ba7f1f000,0x00007f6ba8020000],  sp=0x00007f6ba801d950,  free space=1018k

---------------  P R O C E S S  ---------------

Java Threads: ( => current thread )
=>0x00007f6ba0006800 JavaThread "main" [_thread_in_Java, id=8374, stack(0x00007f6ba7f1f000,0x00007f6ba8020000)]

Other Threads:
  0x00007f6ba0086000 VMThread [stack: 0x00007f6b9f6dd000,0x00007f6b9f7de000] [id=8388]

VM state:not at safepoint (normal execution)

VM Mutex/Monitor currently owned by a thread: None

Heap
 PSYoungGen      total 34944K, used 600K [0x00000000d90b0000, 0x00000000db7a0000, 0x0000000100000000)
  eden space 30016K, 2% used [0x00000000d90b0000,0x00000000d91461b0,0x00000000dae00000)
  from space 4928K, 0% used [0x00000000db2d0000,0x00000000db2d0000,0x00000000db7a0000)
  to   space 4928K, 0% used [0x00000000dae00000,0x00000000dae00000,0x00000000db2d0000)
 PSOldGen        total 79808K, used 0K [0x000000008b200000, 0x000000008fff0000, 0x00000000d90b0000)
  object space 79808K, 0% used [0x000000008b200000,0x000000008b200000,0x000000008fff0000)
 PSPermGen       total 21248K, used 807K [0x0000000080c00000, 0x00000000820c0000, 0x000000008b200000)
  object space 21248K, 3% used [0x0000000080c00000,0x0000000080cc9c80,0x00000000820c0000)

Code Cache  [0x00007f6ba46b8000, 0x00007f6ba4928000, 0x00007f6ba76b8000)
 total_blobs=62 nmethods=0 adapters=36 free_code_cache=48826Kb largest_free_block=49997952

Dynamic libraries:
00400000-00401000 r-xp 00000000 08:04 2494926                            /usr/lib/jvm/java-1.7.0-openjdk-1.7.0.1.x86_64/jre/bin/java
00600000-00602000 rw-p 00000000 08:04 2494926                            /usr/lib/jvm/java-1.7.0-openjdk-1.7.0.1.x86_64/jre/bin/java
01eef000-01f10000 rw-p 00000000 00:00 0                                  [heap]
80c00000-820c0000 rw-p 00000000 00:00 0 
820c0000-8b200000 rw-p 00000000 00:00 0 
8b200000-8fff0000 rw-p 00000000 00:00 0 
8fff0000-d90b0000 rw-p 00000000 00:00 0 
d90b0000-db7a0000 rw-p 00000000 00:00 0 
db7a0000-100000000 rw-p 00000000 00:00 0 
3276e00000-3276e22000 r-xp 00000000 08:04 141535                         /lib64/ld-2.14.90.so
3277021000-3277022000 r--p 00021000 08:04 141535                         /lib64/ld-2.14.90.so
3277022000-3277023000 rw-p 00022000 08:04 141535                         /lib64/ld-2.14.90.so
3277023000-3277024000 rw-p 00000000 00:00 0 
3277200000-32773aa000 r-xp 00000000 08:04 141536                         /lib64/libc-2.14.90.so
32773aa000-32775aa000 ---p 001aa000 08:04 141536                         /lib64/libc-2.14.90.so
32775aa000-32775ae000 r--p 001aa000 08:04 141536                         /lib64/libc-2.14.90.so
32775ae000-32775b0000 rw-p 001ae000 08:04 141536                         /lib64/libc-2.14.90.so
32775b0000-32775b5000 rw-p 00000000 00:00 0 
3277600000-3277683000 r-xp 00000000 08:04 141537                         /lib64/libm-2.14.90.so
3277683000-3277882000 ---p 00083000 08:04 141537                         /lib64/libm-2.14.90.so
3277882000-3277883000 r--p 00082000 08:04 141537                         /lib64/libm-2.14.90.so
3277883000-3277884000 rw-p 00083000 08:04 141537                         /lib64/libm-2.14.90.so
3277a00000-3277a17000 r-xp 00000000 08:04 136316                         /lib64/libpthread-2.14.90.so
3277a17000-3277c16000 ---p 00017000 08:04 136316                         /lib64/libpthread-2.14.90.so
3277c16000-3277c17000 r--p 00016000 08:04 136316                         /lib64/libpthread-2.14.90.so
3277c17000-3277c18000 rw-p 00017000 08:04 136316                         /lib64/libpthread-2.14.90.so
3277c18000-3277c1c000 rw-p 00000000 00:00 0 
3277e00000-3277e02000 r-xp 00000000 08:04 141547                         /lib64/libdl-2.14.90.so
3277e02000-3278002000 ---p 00002000 08:04 141547                         /lib64/libdl-2.14.90.so
3278002000-3278003000 r--p 00002000 08:04 141547                         /lib64/libdl-2.14.90.so
3278003000-3278004000 rw-p 00003000 08:04 141547                         /lib64/libdl-2.14.90.so
3278200000-3278207000 r-xp 00000000 08:04 141552                         /lib64/librt-2.14.90.so
3278207000-3278406000 ---p 00007000 08:04 141552                         /lib64/librt-2.14.90.so
3278406000-3278407000 r--p 00006000 08:04 141552                         /lib64/librt-2.14.90.so
3278407000-3278408000 rw-p 00007000 08:04 141552                         /lib64/librt-2.14.90.so
3278600000-3278617000 r-xp 00000000 08:04 141543                         /lib64/libz.so.1.2.5
3278617000-3278816000 ---p 00017000 08:04 141543                         /lib64/libz.so.1.2.5
3278816000-3278817000 rw-p 00016000 08:04 141543                         /lib64/libz.so.1.2.5
3278a00000-3278a15000 r-xp 00000000 08:04 141548                         /lib64/libgcc_s-4.6.2-20111027.so.1
3278a15000-3278c14000 ---p 00015000 08:04 141548                         /lib64/libgcc_s-4.6.2-20111027.so.1
3278c14000-3278c15000 rw-p 00014000 08:04 141548                         /lib64/libgcc_s-4.6.2-20111027.so.1
3280200000-32802e9000 r-xp 00000000 08:04 141576                         /usr/lib64/libstdc++.so.6.0.16
32802e9000-32804e8000 ---p 000e9000 08:04 141576                         /usr/lib64/libstdc++.so.6.0.16
32804e8000-32804f0000 r--p 000e8000 08:04 141576                         /usr/lib64/libstdc++.so.6.0.16
32804f0000-32804f2000 rw-p 000f0000 08:04 141576                         /usr/lib64/libstdc++.so.6.0.16
32804f2000-3280507000 rw-p 00000000 00:00 0 
39a2e00000-39a2e0c000 r-xp 00000000 08:04 2495533                        /usr/lib/jvm/java-1.7.0-openjdk-1.7.0.1.x86_64/jre/lib/amd64/jli/libjli.so
39a2e0c000-39a300c000 ---p 0000c000 08:04 2495533                        /usr/lib/jvm/java-1.7.0-openjdk-1.7.0.1.x86_64/jre/lib/amd64/jli/libjli.so
39a300c000-39a300d000 rw-p 0000c000 08:04 2495533                        /usr/lib/jvm/java-1.7.0-openjdk-1.7.0.1.x86_64/jre/lib/amd64/jli/libjli.so
7f6b90000000-7f6b90021000 rw-p 00000000 00:00 0 
7f6b90021000-7f6b94000000 ---p 00000000 00:00 0 
7f6b94000000-7f6b94021000 rw-p 00000000 00:00 0 
7f6b94021000-7f6b98000000 ---p 00000000 00:00 0 
7f6b98000000-7f6b98021000 rw-p 00000000 00:00 0 
7f6b98021000-7f6b9c000000 ---p 00000000 00:00 0 
7f6b9f5dc000-7f6b9f6dd000 rw-p 00000000 00:00 0 
7f6b9f6dd000-7f6b9f6de000 ---p 00000000 00:00 0 
7f6b9f6de000-7f6b9fae1000 rw-p 00000000 00:00 0 
7f6b9fae1000-7f6b9fc8f000 r--s 03753000 08:04 2495040                    /usr/lib/jvm/java-1.7.0-openjdk-1.7.0.1.x86_64/jre/lib/rt.jar
7f6b9fc8f000-7f6b9fc90000 ---p 00000000 00:00 0 
7f6b9fc90000-7f6b9fdb7000 rw-p 00000000 00:00 0 
7f6b9fdb7000-7f6ba0090000 rw-p 00000000 00:00 0 
7f6ba0090000-7f6ba4000000 ---p 00000000 00:00 0 
7f6ba4015000-7f6ba40a9000 rw-p 00000000 00:00 0 
7f6ba40a9000-7f6ba40aa000 ---p 00000000 00:00 0 
7f6ba40aa000-7f6ba41b5000 rw-p 00000000 00:00 0 
7f6ba41b5000-7f6ba41fd000 rw-p 00000000 00:00 0 
7f6ba41fd000-7f6ba4208000 rw-p 00000000 00:00 0 
7f6ba4208000-7f6ba4250000 rw-p 00000000 00:00 0 
7f6ba4250000-7f6ba4277000 rw-p 00000000 00:00 0 
7f6ba4277000-7f6ba44bf000 rw-p 00000000 00:00 0 
7f6ba44bf000-7f6ba44d3000 rw-p 00000000 00:00 0 
7f6ba44d3000-7f6ba45f7000 rw-p 00000000 00:00 0 
7f6ba45f7000-7f6ba4602000 rw-p 00000000 00:00 0 
7f6ba4602000-7f6ba46b8000 rw-p 00000000 00:00 0 
7f6ba46b8000-7f6ba4928000 rwxp 00000000 00:00 0 
7f6ba4928000-7f6ba76b8000 rw-p 00000000 00:00 0 
7f6ba76b8000-7f6ba76c0000 r-xp 00000000 08:04 2494975                    /usr/lib/jvm/java-1.7.0-openjdk-1.7.0.1.x86_64/jre/lib/amd64/libzip.so
7f6ba76c0000-7f6ba78bf000 ---p 00008000 08:04 2494975                    /usr/lib/jvm/java-1.7.0-openjdk-1.7.0.1.x86_64/jre/lib/amd64/libzip.so
7f6ba78bf000-7f6ba78c0000 rw-p 00007000 08:04 2494975                    /usr/lib/jvm/java-1.7.0-openjdk-1.7.0.1.x86_64/jre/lib/amd64/libzip.so
7f6ba78c0000-7f6ba78cc000 r-xp 00000000 08:04 159787                     /lib64/libnss_files-2.14.90.so
7f6ba78cc000-7f6ba7acb000 ---p 0000c000 08:04 159787                     /lib64/libnss_files-2.14.90.so
7f6ba7acb000-7f6ba7acc000 r--p 0000b000 08:04 159787                     /lib64/libnss_files-2.14.90.so
7f6ba7acc000-7f6ba7acd000 rw-p 0000c000 08:04 159787                     /lib64/libnss_files-2.14.90.so
7f6ba7ae6000-7f6ba7b0f000 r-xp 00000000 08:04 2494952                    /usr/lib/jvm/java-1.7.0-openjdk-1.7.0.1.x86_64/jre/lib/amd64/libjava.so
7f6ba7b0f000-7f6ba7d0e000 ---p 00029000 08:04 2494952                    /usr/lib/jvm/java-1.7.0-openjdk-1.7.0.1.x86_64/jre/lib/amd64/libjava.so
7f6ba7d0e000-7f6ba7d10000 rw-p 00028000 08:04 2494952                    /usr/lib/jvm/java-1.7.0-openjdk-1.7.0.1.x86_64/jre/lib/amd64/libjava.so
7f6ba7d10000-7f6ba7d1e000 r-xp 00000000 08:04 2494974                    /usr/lib/jvm/java-1.7.0-openjdk-1.7.0.1.x86_64/jre/lib/amd64/libverify.so
7f6ba7d1e000-7f6ba7f1d000 ---p 0000e000 08:04 2494974                    /usr/lib/jvm/java-1.7.0-openjdk-1.7.0.1.x86_64/jre/lib/amd64/libverify.so
7f6ba7f1d000-7f6ba7f1f000 rw-p 0000d000 08:04 2494974                    /usr/lib/jvm/java-1.7.0-openjdk-1.7.0.1.x86_64/jre/lib/amd64/libverify.so
7f6ba7f1f000-7f6ba7f22000 ---p 00000000 00:00 0 
7f6ba7f22000-7f6ba8020000 rw-p 00000000 00:00 0 
7f6ba8020000-7f6ba89a8000 r-xp 00000000 08:04 2494979                    /usr/lib/jvm/java-1.7.0-openjdk-1.7.0.1.x86_64/jre/lib/amd64/server/libjvm.so
7f6ba89a8000-7f6ba8ba8000 ---p 00988000 08:04 2494979                    /usr/lib/jvm/java-1.7.0-openjdk-1.7.0.1.x86_64/jre/lib/amd64/server/libjvm.so
7f6ba8ba8000-7f6ba8c41000 rw-p 00988000 08:04 2494979                    /usr/lib/jvm/java-1.7.0-openjdk-1.7.0.1.x86_64/jre/lib/amd64/server/libjvm.so
7f6ba8c41000-7f6ba8c71000 rw-p 00000000 00:00 0 
7f6ba8c80000-7f6ba8c88000 rw-s 00000000 08:04 794118                     /tmp/hsperfdata_philipp/8370
7f6ba8c88000-7f6ba8c89000 rw-p 00000000 00:00 0 
7f6ba8c89000-7f6ba8c8a000 r--p 00000000 00:00 0 
7f6ba8c8a000-7f6ba8c8b000 rw-p 00000000 00:00 0 
7fff2aad2000-7fff2aaf3000 rw-p 00000000 00:00 0                          [stack]
7fff2ab16000-7fff2ab17000 r-xp 00000000 00:00 0                          [vdso]
ffffffffff600000-ffffffffff601000 r-xp 00000000 00:00 0                  [vsyscall]

VM Arguments:
jvm_args: -Dmozartspaces.configurationFile=mozartspaces-client.xml 
java_command: tu.spacebased.bsp1.workers.Logistician 3
Launcher Type: SUN_STANDARD

Environment Variables:
PATH=/usr/local/bin:/usr/bin:/bin:/usr/local/sbin:/usr/sbin:/sbin:/home/philipp/.local/bin:/home/philipp/bin
USERNAME=philipp
SHELL=/bin/bash
DISPLAY=:0.0

Signal Handlers:
SIGSEGV: [libjvm.so+0x7fee70], sa_mask[0]=0x7ffbfeff, sa_flags=0x10000004
SIGBUS: [libjvm.so+0x7fee70], sa_mask[0]=0x7ffbfeff, sa_flags=0x10000004
SIGFPE: [libjvm.so+0x6a3cc0], sa_mask[0]=0x7ffbfeff, sa_flags=0x10000004
SIGPIPE: [libjvm.so+0x6a3cc0], sa_mask[0]=0x7ffbfeff, sa_flags=0x10000004
SIGXFSZ: [libjvm.so+0x6a3cc0], sa_mask[0]=0x7ffbfeff, sa_flags=0x10000004
SIGILL: [libjvm.so+0x6a3cc0], sa_mask[0]=0x7ffbfeff, sa_flags=0x10000004
SIGUSR1: SIG_DFL, sa_mask[0]=0x00000000, sa_flags=0x00000000
SIGUSR2: [libjvm.so+0x6a4040], sa_mask[0]=0x00000000, sa_flags=0x10000004
SIGHUP: SIG_DFL, sa_mask[0]=0x00000000, sa_flags=0x00000000
SIGINT: SIG_DFL, sa_mask[0]=0x00000000, sa_flags=0x00000000
SIGTERM: SIG_DFL, sa_mask[0]=0x00000000, sa_flags=0x00000000
SIGQUIT: SIG_DFL, sa_mask[0]=0x00000000, sa_flags=0x00000000


---------------  S Y S T E M  ---------------

OS:Fedora release 16 (Verne)

uname:Linux 3.1.2-1.fc16.x86_64 #1 SMP Tue Nov 22 09:00:57 UTC 2011 x86_64
libc:glibc 2.14.90 NPTL 2.14.90 
rlimit: STACK 8192k, CORE 0k, NPROC 1024, NOFILE 4096, AS infinity
load average:1.04 0.82 0.87

/proc/meminfo:
MemTotal:        7656040 kB
MemFree:         4071748 kB
Buffers:           83856 kB
Cached:          1328864 kB
SwapCached:            0 kB
Active:          2393456 kB
Inactive:         838716 kB
Active(anon):    1824928 kB
Inactive(anon):    50616 kB
Active(file):     568528 kB
Inactive(file):   788100 kB
Unevictable:          80 kB
Mlocked:              80 kB
SwapTotal:       4881404 kB
SwapFree:        4881404 kB
Dirty:               308 kB
Writeback:             0 kB
AnonPages:       1805328 kB
Mapped:           212852 kB
Shmem:             56104 kB
Slab:             126960 kB
SReclaimable:      75168 kB
SUnreclaim:        51792 kB
KernelStack:        9544 kB
PageTables:        42936 kB
NFS_Unstable:          0 kB
Bounce:                0 kB
WritebackTmp:          0 kB
CommitLimit:     8709424 kB
Committed_AS:    5233720 kB
VmallocTotal:   34359738367 kB
VmallocUsed:      322876 kB
VmallocChunk:   34359384052 kB
HardwareCorrupted:     0 kB
AnonHugePages:   1155072 kB
HugePages_Total:       0
HugePages_Free:        0
HugePages_Rsvd:        0
HugePages_Surp:        0
Hugepagesize:       2048 kB
DirectMap4k:       53440 kB
DirectMap2M:     2560000 kB
DirectMap1G:     5242880 kB


CPU:total 2 (2 cores per cpu, 1 threads per core) family 16 model 6 stepping 2, cmov, cx8, fxsr, mmx, sse, sse2, sse3, popcnt, mmxext, 3dnowpref, lzcnt, sse4a

Memory: 4k page, physical 7656040k(4071748k free), swap 4881404k(4881404k free)

vm_info: OpenJDK 64-Bit Server VM (21.0-b17) for linux-amd64 JRE (1.7.0_b147-icedtea-mockbuild_2011_11_15_23_47-b00), built on Nov 15 2011 23:51:11 by "mockbuild" with gcc 4.6.2 20111027 (Red Hat 4.6.2-1)

time: Mon Dec  5 15:03:35 2011
elapsed time: 0 seconds

