#
# A fatal error has been detected by the Java Runtime Environment:
#
#  SIGSEGV (0xb) at pc=0x0000000000000000, pid=8368, tid=140407159396096
#
# JRE version: 7.0
# Java VM: OpenJDK 64-Bit Server VM (21.0-b17 mixed mode linux-amd64 compressed oops)
# Problematic frame:
# C  0x0000000000000000
#
# Failed to write core dump. Core dumps have been disabled. To enable core dumping, try "ulimit -c unlimited" before starting Java again
#
# If you would like to submit a bug report, please include
# instructions on how to reproduce the bug and visit:
#   http://icedtea.classpath.org/bugzilla
#

---------------  T H R E A D  ---------------

Current thread (0x00007fb310006800):  JavaThread "main" [_thread_in_Java, id=8371, stack(0x00007fb316cc1000,0x00007fb316dc2000)]

siginfo:si_signo=SIGSEGV: si_errno=0, si_code=1 (SEGV_MAPERR), si_addr=0x0000000000000000

Registers:
RAX=0x0000000000000000, RBX=0x0000000080c14be0, RCX=0x00000000d90b0d98, RDX=0x000000000c800001
RSP=0x00007fb316dbfc30, RBP=0x00007fb316dbfc80, RSI=0x0000000000000000, RDI=0x00007fb310006fc0
R8 =0x00007fb31639a000, R9 =0x00000000fffffffe, R10=0x00007fb317a03500, R11=0x00007fb316dbfba0
R12=0x0000000000000000, R13=0x00007fb316dbfc38, R14=0x00007fb316dbfc88, R15=0x00007fb310006800
RIP=0x0000000000000000, EFLAGS=0x0000000000010246, CSGSFS=0x0000000000000033, ERR=0x0000000000000014
  TRAPNO=0x000000000000000e

Top of Stack: (sp=0x00007fb316dbfc30)
0x00007fb316dbfc30:   00007fb30d006290 00000000d90b0d98
0x00007fb316dbfc40:   00007fb316dbfc40 0000000080c23efb
0x00007fb316dbfc50:   00007fb316dbfc88 0000000080ca77b0
0x00007fb316dbfc60:   0000000000000000 0000000080c23f38
0x00007fb316dbfc70:   00007fb316dbfc38 00007fb316dbfc90
0x00007fb316dbfc80:   00007fb316dbfcf0 00007fb30d000438
0x00007fb316dbfc90:   00007fb300001fa0 0000000000000000
0x00007fb316dbfca0:   00007fb316dbfe80 00007fb316dbfe00
0x00007fb316dbfcb0:   00007fb310007168 00007fb310006800
0x00007fb316dbfcc0:   00007fb316dbfd30 00007fb316dbfe88
0x00007fb316dbfcd0:   00007fb30000000a 0000000080c23f38
0x00007fb316dbfce0:   00007fb30d0101e0 00007fb316dbfe08
0x00007fb316dbfcf0:   00007fb316dbfdd0 00007fb3172a5a47
0x00007fb316dbfd00:   00007fb300000000 00007fb310006800
0x00007fb316dbfd10:   00007fb316dbff20 00007fb310005090
0x00007fb316dbfd20:   00007fb30d0101e0 000000000000000a
0x00007fb316dbfd30:   00007fb310006800 00007fb310087b00
0x00007fb316dbfd40:   0000000080c23f38 0000000000000000
0x00007fb316dbfd50:   00007fb316dc0710 00007fb30d011b84
0x00007fb316dbfd60:   00007fb316dc0760 00007fb316dbfe80
0x00007fb316dbfd70:   00007fb310006800 00007fb310005630
0x00007fb316dbfd80:   00007fb310006fc0 00007fb310007170
0x00007fb316dbfd90:   00007fb3100073a8 00007fb316dbffd0
0x00007fb316dbfda0:   00007fb316dbfdf0 0000000080c23f38
0x00007fb316dbfdb0:   00007fb310006800 00007fb310005630
0x00007fb316dbfdc0:   00007fb31002263a 0000000000000013
0x00007fb316dbfdd0:   00007fb316dbfdf0 00007fb3172a52e5
0x00007fb316dbfde0:   00007fb310007168 0000000000000013
0x00007fb316dbfdf0:   00007fb316dbfeb0 00007fb31726c13f
0x00007fb316dbfe00:   0000000000000000 0000000000000000
0x00007fb316dbfe10:   00007fb316dbfe30 00007fff8edff7e5
0x00007fb316dbfe20:   00007fb316dbfe60 00007fb316dbfe60 

Instructions: (pc=0x0000000000000000)
0xffffffffffffffe0:   

Register to memory mapping:

RAX=0x0000000000000000 is an unknown value
RBX=0x0000000080c14be0 is an oop
{method} 
 - klass: {other class}
RCX=0x00000000d90b0d98 is an oop
java.lang.Class 
 - klass: 'java/lang/Class'
RDX=0x000000000c800001 is an unknown value
RSP=0x00007fb316dbfc30 is pointing into the stack for thread: 0x00007fb310006800
RBP=0x00007fb316dbfc80 is pointing into the stack for thread: 0x00007fb310006800
RSI=0x0000000000000000 is an unknown value
RDI=0x00007fb310006fc0 is an unknown value
R8 =0x00007fb31639a000 is an unknown value
R9 =0x00000000fffffffe is an unallocated location in the heap
R10=0x00007fb317a03500: <offset 0xc41500> in /usr/lib/jvm/java-1.7.0-openjdk-1.7.0.1.x86_64/jre/lib/amd64/server/libjvm.so at 0x00007fb316dc2000
R11=0x00007fb316dbfba0 is pointing into the stack for thread: 0x00007fb310006800
R12=0x0000000000000000 is an unknown value
R13=0x00007fb316dbfc38 is pointing into the stack for thread: 0x00007fb310006800
R14=0x00007fb316dbfc88 is pointing into the stack for thread: 0x00007fb310006800
R15=0x00007fb310006800 is a thread


Stack: [0x00007fb316cc1000,0x00007fb316dc2000],  sp=0x00007fb316dbfc30,  free space=1019k

---------------  P R O C E S S  ---------------

Java Threads: ( => current thread )
  0x00007fb31008d800 JavaThread "Reference Handler" daemon [_thread_blocked, id=8389, stack(0x00007fb315393000,0x00007fb315494000)]
=>0x00007fb310006800 JavaThread "main" [_thread_in_Java, id=8371, stack(0x00007fb316cc1000,0x00007fb316dc2000)]

Other Threads:
  0x00007fb310086000 VMThread [stack: 0x00007fb315494000,0x00007fb315595000] [id=8386]

VM state:not at safepoint (normal execution)

VM Mutex/Monitor currently owned by a thread: None

Heap
 PSYoungGen      total 34944K, used 600K [0x00000000d90b0000, 0x00000000db7a0000, 0x0000000100000000)
  eden space 30016K, 2% used [0x00000000d90b0000,0x00000000d91461b0,0x00000000dae00000)
  from space 4928K, 0% used [0x00000000db2d0000,0x00000000db2d0000,0x00000000db7a0000)
  to   space 4928K, 0% used [0x00000000dae00000,0x00000000dae00000,0x00000000db2d0000)
 PSOldGen        total 79808K, used 0K [0x000000008b200000, 0x000000008fff0000, 0x00000000d90b0000)
  object space 79808K, 0% used [0x000000008b200000,0x000000008b200000,0x000000008fff0000)
 PSPermGen       total 21248K, used 816K [0x0000000080c00000, 0x00000000820c0000, 0x000000008b200000)
  object space 21248K, 3% used [0x0000000080c00000,0x0000000080ccc2a0,0x00000000820c0000)

Code Cache  [0x00007fb30d000000, 0x00007fb30d270000, 0x00007fb310000000)
 total_blobs=62 nmethods=0 adapters=36 free_code_cache=48826Kb largest_free_block=49997952

Dynamic libraries:
00400000-00401000 r-xp 00000000 08:04 2494926                            /usr/lib/jvm/java-1.7.0-openjdk-1.7.0.1.x86_64/jre/bin/java
00600000-00602000 rw-p 00000000 08:04 2494926                            /usr/lib/jvm/java-1.7.0-openjdk-1.7.0.1.x86_64/jre/bin/java
025b5000-025d6000 rw-p 00000000 00:00 0                                  [heap]
80c00000-820c0000 rw-p 00000000 00:00 0 
820c0000-8b200000 rw-p 00000000 00:00 0 
8b200000-8fff0000 rw-p 00000000 00:00 0 
8fff0000-d90b0000 rw-p 00000000 00:00 0 
d90b0000-db7a0000 rw-p 00000000 00:00 0 
db7a0000-100000000 rw-p 00000000 00:00 0 
3276e00000-3276e22000 r-xp 00000000 08:04 141535                         /lib64/ld-2.14.90.so
3277021000-3277022000 r--p 00021000 08:04 141535                         /lib64/ld-2.14.90.so
3277022000-3277023000 rw-p 00022000 08:04 141535                         /lib64/ld-2.14.90.so
3277023000-3277024000 rw-p 00000000 00:00 0 
3277200000-32773aa000 r-xp 00000000 08:04 141536                         /lib64/libc-2.14.90.so
32773aa000-32775aa000 ---p 001aa000 08:04 141536                         /lib64/libc-2.14.90.so
32775aa000-32775ae000 r--p 001aa000 08:04 141536                         /lib64/libc-2.14.90.so
32775ae000-32775b0000 rw-p 001ae000 08:04 141536                         /lib64/libc-2.14.90.so
32775b0000-32775b5000 rw-p 00000000 00:00 0 
3277600000-3277683000 r-xp 00000000 08:04 141537                         /lib64/libm-2.14.90.so
3277683000-3277882000 ---p 00083000 08:04 141537                         /lib64/libm-2.14.90.so
3277882000-3277883000 r--p 00082000 08:04 141537                         /lib64/libm-2.14.90.so
3277883000-3277884000 rw-p 00083000 08:04 141537                         /lib64/libm-2.14.90.so
3277a00000-3277a17000 r-xp 00000000 08:04 136316                         /lib64/libpthread-2.14.90.so
3277a17000-3277c16000 ---p 00017000 08:04 136316                         /lib64/libpthread-2.14.90.so
3277c16000-3277c17000 r--p 00016000 08:04 136316                         /lib64/libpthread-2.14.90.so
3277c17000-3277c18000 rw-p 00017000 08:04 136316                         /lib64/libpthread-2.14.90.so
3277c18000-3277c1c000 rw-p 00000000 00:00 0 
3277e00000-3277e02000 r-xp 00000000 08:04 141547                         /lib64/libdl-2.14.90.so
3277e02000-3278002000 ---p 00002000 08:04 141547                         /lib64/libdl-2.14.90.so
3278002000-3278003000 r--p 00002000 08:04 141547                         /lib64/libdl-2.14.90.so
3278003000-3278004000 rw-p 00003000 08:04 141547                         /lib64/libdl-2.14.90.so
3278200000-3278207000 r-xp 00000000 08:04 141552                         /lib64/librt-2.14.90.so
3278207000-3278406000 ---p 00007000 08:04 141552                         /lib64/librt-2.14.90.so
3278406000-3278407000 r--p 00006000 08:04 141552                         /lib64/librt-2.14.90.so
3278407000-3278408000 rw-p 00007000 08:04 141552                         /lib64/librt-2.14.90.so
3278600000-3278617000 r-xp 00000000 08:04 141543                         /lib64/libz.so.1.2.5
3278617000-3278816000 ---p 00017000 08:04 141543                         /lib64/libz.so.1.2.5
3278816000-3278817000 rw-p 00016000 08:04 141543                         /lib64/libz.so.1.2.5
3278a00000-3278a15000 r-xp 00000000 08:04 141548                         /lib64/libgcc_s-4.6.2-20111027.so.1
3278a15000-3278c14000 ---p 00015000 08:04 141548                         /lib64/libgcc_s-4.6.2-20111027.so.1
3278c14000-3278c15000 rw-p 00014000 08:04 141548                         /lib64/libgcc_s-4.6.2-20111027.so.1
3280200000-32802e9000 r-xp 00000000 08:04 141576                         /usr/lib64/libstdc++.so.6.0.16
32802e9000-32804e8000 ---p 000e9000 08:04 141576                         /usr/lib64/libstdc++.so.6.0.16
32804e8000-32804f0000 r--p 000e8000 08:04 141576                         /usr/lib64/libstdc++.so.6.0.16
32804f0000-32804f2000 rw-p 000f0000 08:04 141576                         /usr/lib64/libstdc++.so.6.0.16
32804f2000-3280507000 rw-p 00000000 00:00 0 
39a2e00000-39a2e0c000 r-xp 00000000 08:04 2495533                        /usr/lib/jvm/java-1.7.0-openjdk-1.7.0.1.x86_64/jre/lib/amd64/jli/libjli.so
39a2e0c000-39a300c000 ---p 0000c000 08:04 2495533                        /usr/lib/jvm/java-1.7.0-openjdk-1.7.0.1.x86_64/jre/lib/amd64/jli/libjli.so
39a300c000-39a300d000 rw-p 0000c000 08:04 2495533                        /usr/lib/jvm/java-1.7.0-openjdk-1.7.0.1.x86_64/jre/lib/amd64/jli/libjli.so
7fb2f8000000-7fb2f8021000 rw-p 00000000 00:00 0 
7fb2f8021000-7fb2fc000000 ---p 00000000 00:00 0 
7fb300000000-7fb300021000 rw-p 00000000 00:00 0 
7fb300021000-7fb304000000 ---p 00000000 00:00 0 
7fb304000000-7fb304021000 rw-p 00000000 00:00 0 
7fb304021000-7fb308000000 ---p 00000000 00:00 0 
7fb308000000-7fb308021000 rw-p 00000000 00:00 0 
7fb308021000-7fb30c000000 ---p 00000000 00:00 0 
7fb30d000000-7fb30d270000 rwxp 00000000 00:00 0 
7fb30d270000-7fb310092000 rw-p 00000000 00:00 0 
7fb310092000-7fb314000000 ---p 00000000 00:00 0 
7fb315292000-7fb315393000 rw-p 00000000 00:00 0 
7fb315393000-7fb315396000 ---p 00000000 00:00 0 
7fb315396000-7fb315494000 rw-p 00000000 00:00 0 
7fb315494000-7fb315495000 ---p 00000000 00:00 0 
7fb315495000-7fb315904000 rw-p 00000000 00:00 0 
7fb315904000-7fb315ab2000 r--s 03753000 08:04 2495040                    /usr/lib/jvm/java-1.7.0-openjdk-1.7.0.1.x86_64/jre/lib/rt.jar
7fb315ab2000-7fb315ada000 rw-p 00000000 00:00 0 
7fb315ada000-7fb315adb000 ---p 00000000 00:00 0 
7fb315adb000-7fb315bdb000 rw-p 00000000 00:00 0 
7fb315bdb000-7fb315bdc000 ---p 00000000 00:00 0 
7fb315bdc000-7fb315ce7000 rw-p 00000000 00:00 0 
7fb315ce7000-7fb315d2f000 rw-p 00000000 00:00 0 
7fb315d2f000-7fb315d56000 rw-p 00000000 00:00 0 
7fb315d56000-7fb315f9f000 rw-p 00000000 00:00 0 
7fb315f9f000-7fb315faa000 rw-p 00000000 00:00 0 
7fb315faa000-7fb315ff2000 rw-p 00000000 00:00 0 
7fb315ff2000-7fb316019000 rw-p 00000000 00:00 0 
7fb316019000-7fb316261000 rw-p 00000000 00:00 0 
7fb316261000-7fb316275000 rw-p 00000000 00:00 0 
7fb316275000-7fb316399000 rw-p 00000000 00:00 0 
7fb316399000-7fb3163a4000 rw-p 00000000 00:00 0 
7fb3163a4000-7fb31645a000 rw-p 00000000 00:00 0 
7fb31645a000-7fb316462000 r-xp 00000000 08:04 2494975                    /usr/lib/jvm/java-1.7.0-openjdk-1.7.0.1.x86_64/jre/lib/amd64/libzip.so
7fb316462000-7fb316661000 ---p 00008000 08:04 2494975                    /usr/lib/jvm/java-1.7.0-openjdk-1.7.0.1.x86_64/jre/lib/amd64/libzip.so
7fb316661000-7fb316662000 rw-p 00007000 08:04 2494975                    /usr/lib/jvm/java-1.7.0-openjdk-1.7.0.1.x86_64/jre/lib/amd64/libzip.so
7fb316662000-7fb31666e000 r-xp 00000000 08:04 159787                     /lib64/libnss_files-2.14.90.so
7fb31666e000-7fb31686d000 ---p 0000c000 08:04 159787                     /lib64/libnss_files-2.14.90.so
7fb31686d000-7fb31686e000 r--p 0000b000 08:04 159787                     /lib64/libnss_files-2.14.90.so
7fb31686e000-7fb31686f000 rw-p 0000c000 08:04 159787                     /lib64/libnss_files-2.14.90.so
7fb316888000-7fb3168b1000 r-xp 00000000 08:04 2494952                    /usr/lib/jvm/java-1.7.0-openjdk-1.7.0.1.x86_64/jre/lib/amd64/libjava.so
7fb3168b1000-7fb316ab0000 ---p 00029000 08:04 2494952                    /usr/lib/jvm/java-1.7.0-openjdk-1.7.0.1.x86_64/jre/lib/amd64/libjava.so
7fb316ab0000-7fb316ab2000 rw-p 00028000 08:04 2494952                    /usr/lib/jvm/java-1.7.0-openjdk-1.7.0.1.x86_64/jre/lib/amd64/libjava.so
7fb316ab2000-7fb316ac0000 r-xp 00000000 08:04 2494974                    /usr/lib/jvm/java-1.7.0-openjdk-1.7.0.1.x86_64/jre/lib/amd64/libverify.so
7fb316ac0000-7fb316cbf000 ---p 0000e000 08:04 2494974                    /usr/lib/jvm/java-1.7.0-openjdk-1.7.0.1.x86_64/jre/lib/amd64/libverify.so
7fb316cbf000-7fb316cc1000 rw-p 0000d000 08:04 2494974                    /usr/lib/jvm/java-1.7.0-openjdk-1.7.0.1.x86_64/jre/lib/amd64/libverify.so
7fb316cc1000-7fb316cc4000 ---p 00000000 00:00 0 
7fb316cc4000-7fb316dc2000 rw-p 00000000 00:00 0 
7fb316dc2000-7fb31774a000 r-xp 00000000 08:04 2494979                    /usr/lib/jvm/java-1.7.0-openjdk-1.7.0.1.x86_64/jre/lib/amd64/server/libjvm.so
7fb31774a000-7fb31794a000 ---p 00988000 08:04 2494979                    /usr/lib/jvm/java-1.7.0-openjdk-1.7.0.1.x86_64/jre/lib/amd64/server/libjvm.so
7fb31794a000-7fb3179e3000 rw-p 00988000 08:04 2494979                    /usr/lib/jvm/java-1.7.0-openjdk-1.7.0.1.x86_64/jre/lib/amd64/server/libjvm.so
7fb3179e3000-7fb317a13000 rw-p 00000000 00:00 0 
7fb317a22000-7fb317a2a000 rw-s 00000000 08:04 794117                     /tmp/hsperfdata_philipp/8368
7fb317a2a000-7fb317a2b000 rw-p 00000000 00:00 0 
7fb317a2b000-7fb317a2c000 r--p 00000000 00:00 0 
7fb317a2c000-7fb317a2d000 rw-p 00000000 00:00 0 
7fff8ed77000-7fff8ed98000 rw-p 00000000 00:00 0                          [stack]
7fff8edff000-7fff8ee00000 r-xp 00000000 00:00 0                          [vdso]
ffffffffff600000-ffffffffff601000 r-xp 00000000 00:00 0                  [vsyscall]

VM Arguments:
jvm_args: -Dmozartspaces.configurationFile=mozartspaces-client.xml 
java_command: tu.spacebased.bsp1.workers.Assembler 0
Launcher Type: SUN_STANDARD

Environment Variables:
PATH=/usr/local/bin:/usr/bin:/bin:/usr/local/sbin:/usr/sbin:/sbin:/home/philipp/.local/bin:/home/philipp/bin
USERNAME=philipp
SHELL=/bin/bash
DISPLAY=:0.0

Signal Handlers:
SIGSEGV: [libjvm.so+0x7fee70], sa_mask[0]=0x7ffbfeff, sa_flags=0x10000004
SIGBUS: [libjvm.so+0x7fee70], sa_mask[0]=0x7ffbfeff, sa_flags=0x10000004
SIGFPE: [libjvm.so+0x6a3cc0], sa_mask[0]=0x7ffbfeff, sa_flags=0x10000004
SIGPIPE: [libjvm.so+0x6a3cc0], sa_mask[0]=0x7ffbfeff, sa_flags=0x10000004
SIGXFSZ: [libjvm.so+0x6a3cc0], sa_mask[0]=0x7ffbfeff, sa_flags=0x10000004
SIGILL: [libjvm.so+0x6a3cc0], sa_mask[0]=0x7ffbfeff, sa_flags=0x10000004
SIGUSR1: SIG_DFL, sa_mask[0]=0x00000000, sa_flags=0x00000000
SIGUSR2: [libjvm.so+0x6a4040], sa_mask[0]=0x00000000, sa_flags=0x10000004
SIGHUP: SIG_DFL, sa_mask[0]=0x00000000, sa_flags=0x00000000
SIGINT: SIG_DFL, sa_mask[0]=0x00000000, sa_flags=0x00000000
SIGTERM: SIG_DFL, sa_mask[0]=0x00000000, sa_flags=0x00000000
SIGQUIT: SIG_DFL, sa_mask[0]=0x00000000, sa_flags=0x00000000


---------------  S Y S T E M  ---------------

OS:Fedora release 16 (Verne)

uname:Linux 3.1.2-1.fc16.x86_64 #1 SMP Tue Nov 22 09:00:57 UTC 2011 x86_64
libc:glibc 2.14.90 NPTL 2.14.90 
rlimit: STACK 8192k, CORE 0k, NPROC 1024, NOFILE 4096, AS infinity
load average:1.04 0.82 0.87

/proc/meminfo:
MemTotal:        7656040 kB
MemFree:         4071616 kB
Buffers:           83856 kB
Cached:          1329036 kB
SwapCached:            0 kB
Active:          2393572 kB
Inactive:         838716 kB
Active(anon):    1825044 kB
Inactive(anon):    50616 kB
Active(file):     568528 kB
Inactive(file):   788100 kB
Unevictable:          80 kB
Mlocked:              80 kB
SwapTotal:       4881404 kB
SwapFree:        4881404 kB
Dirty:               308 kB
Writeback:             0 kB
AnonPages:       1805500 kB
Mapped:           212852 kB
Shmem:             56104 kB
Slab:             126960 kB
SReclaimable:      75168 kB
SUnreclaim:        51792 kB
KernelStack:        9544 kB
PageTables:        42936 kB
NFS_Unstable:          0 kB
Bounce:                0 kB
WritebackTmp:          0 kB
CommitLimit:     8709424 kB
Committed_AS:    5234748 kB
VmallocTotal:   34359738367 kB
VmallocUsed:      322876 kB
VmallocChunk:   34359384052 kB
HardwareCorrupted:     0 kB
AnonHugePages:   1155072 kB
HugePages_Total:       0
HugePages_Free:        0
HugePages_Rsvd:        0
HugePages_Surp:        0
Hugepagesize:       2048 kB
DirectMap4k:       53440 kB
DirectMap2M:     2560000 kB
DirectMap1G:     5242880 kB


CPU:total 2 (2 cores per cpu, 1 threads per core) family 16 model 6 stepping 2, cmov, cx8, fxsr, mmx, sse, sse2, sse3, popcnt, mmxext, 3dnowpref, lzcnt, sse4a

Memory: 4k page, physical 7656040k(4071616k free), swap 4881404k(4881404k free)

vm_info: OpenJDK 64-Bit Server VM (21.0-b17) for linux-amd64 JRE (1.7.0_b147-icedtea-mockbuild_2011_11_15_23_47-b00), built on Nov 15 2011 23:51:11 by "mockbuild" with gcc 4.6.2 20111027 (Red Hat 4.6.2-1)

time: Mon Dec  5 15:03:35 2011
elapsed time: 0 seconds

