#
# A fatal error has been detected by the Java Runtime Environment:
#
#  SIGSEGV (0xb) at pc=0x0000000000000000, pid=3980, tid=139694025156352
#
# JRE version: 7.0
# Java VM: OpenJDK 64-Bit Server VM (21.0-b17 mixed mode linux-amd64 compressed oops)
# Problematic frame:
# C  0x0000000000000000
#
# Failed to write core dump. Core dumps have been disabled. To enable core dumping, try "ulimit -c unlimited" before starting Java again
#
# If you would like to submit a bug report, please include
# instructions on how to reproduce the bug and visit:
#   http://icedtea.classpath.org/bugzilla
#

---------------  T H R E A D  ---------------

Current thread (0x00007f0d08006800):  JavaThread "main" [_thread_in_Java, id=3981, stack(0x00007f0d0caf2000,0x00007f0d0cbf3000)]

siginfo:si_signo=SIGSEGV: si_errno=0, si_code=1 (SEGV_MAPERR), si_addr=0x0000000000000000

Registers:
RAX=0x0000000000000000, RBX=0x0000000080c14be0, RCX=0x00000000d90b0d98, RDX=0x000000000c800001
RSP=0x00007f0d0cbf0950, RBP=0x00007f0d0cbf09a0, RSI=0x0000000000000000, RDI=0x00007f0d08006fc0
R8 =0x00007f0d0c1cb000, R9 =0x00000000fffffffe, R10=0x00007f0d0d834500, R11=0x00007f0d0cbf08c0
R12=0x0000000000000000, R13=0x00007f0d0cbf0958, R14=0x00007f0d0cbf09a8, R15=0x00007f0d08006800
RIP=0x0000000000000000, EFLAGS=0x0000000000010246, CSGSFS=0x0000000000000033, ERR=0x0000000000000014
  TRAPNO=0x000000000000000e

Top of Stack: (sp=0x00007f0d0cbf0950)
0x00007f0d0cbf0950:   00007f0d05006290 00000000d90b0d98
0x00007f0d0cbf0960:   00007f0d0cbf0960 0000000080c23efb
0x00007f0d0cbf0970:   00007f0d0cbf09a8 0000000080ca77b0
0x00007f0d0cbf0980:   0000000000000000 0000000080c23f38
0x00007f0d0cbf0990:   00007f0d0cbf0958 00007f0d0cbf09b0
0x00007f0d0cbf09a0:   00007f0d0cbf0a10 00007f0d05000438
0x00007f0d0cbf09b0:   00007f0d00001fa0 0000000000000000
0x00007f0d0cbf09c0:   00007f0d0cbf0ba0 00007f0d0cbf0b20
0x00007f0d0cbf09d0:   00007f0d08007178 00007f0d08006800
0x00007f0d0cbf09e0:   00007f0d0cbf0a50 00007f0d0cbf0ba8
0x00007f0d0cbf09f0:   00007f0d0000000a 0000000080c23f38
0x00007f0d0cbf0a00:   00007f0d050101e0 00007f0d0cbf0b28
0x00007f0d0cbf0a10:   00007f0d0cbf0af0 00007f0d0d0d6a47
0x00007f0d0cbf0a20:   00007f0d00000000 00007f0d08006800
0x00007f0d0cbf0a30:   00007f0d0cbf0c40 00007f0d08005090
0x00007f0d0cbf0a40:   00007f0d050101e0 000000000000000a
0x00007f0d0cbf0a50:   00007f0d08006800 00007f0d08087b00
0x00007f0d0cbf0a60:   0000000080c23f38 0000000000000000
0x00007f0d0cbf0a70:   00007f0d0cbf1430 00007f0d05011b84
0x00007f0d0cbf0a80:   00007f0d0cbf1480 00007f0d0cbf0ba0
0x00007f0d0cbf0a90:   00007f0d08006800 00007f0d08005630
0x00007f0d0cbf0aa0:   00007f0d08006fc0 00007f0d08007180
0x00007f0d0cbf0ab0:   00007f0d080073a8 00007f0d0cbf0cf0
0x00007f0d0cbf0ac0:   00007f0d0cbf0b10 0000000080c23f38
0x00007f0d0cbf0ad0:   00007f0d08006800 00007f0d08005630
0x00007f0d0cbf0ae0:   00007f0d0802263a 0000000000000013
0x00007f0d0cbf0af0:   00007f0d0cbf0b10 00007f0d0d0d62e5
0x00007f0d0cbf0b00:   00007f0d08007178 0000000000000013
0x00007f0d0cbf0b10:   00007f0d0cbf0bd0 00007f0d0d09d13f
0x00007f0d0cbf0b20:   0000000000000000 0000000000000000
0x00007f0d0cbf0b30:   00007f0d0cbf0b50 00007fff917b87e5
0x00007f0d0cbf0b40:   00007f0d0cbf0b80 00007f0d0cbf0b80 

Instructions: (pc=0x0000000000000000)
0xffffffffffffffe0:   

Register to memory mapping:

RAX=0x0000000000000000 is an unknown value
RBX=0x0000000080c14be0 is an oop
{method} 
 - klass: {other class}
RCX=0x00000000d90b0d98 is an oop
java.lang.Class 
 - klass: 'java/lang/Class'
RDX=0x000000000c800001 is an unknown value
RSP=0x00007f0d0cbf0950 is pointing into the stack for thread: 0x00007f0d08006800
RBP=0x00007f0d0cbf09a0 is pointing into the stack for thread: 0x00007f0d08006800
RSI=0x0000000000000000 is an unknown value
RDI=0x00007f0d08006fc0 is an unknown value
R8 =0x00007f0d0c1cb000 is an unknown value
R9 =0x00000000fffffffe is an unallocated location in the heap
R10=0x00007f0d0d834500: <offset 0xc41500> in /usr/lib/jvm/java-1.7.0-openjdk-1.7.0.1.x86_64/jre/lib/amd64/server/libjvm.so at 0x00007f0d0cbf3000
R11=0x00007f0d0cbf08c0 is pointing into the stack for thread: 0x00007f0d08006800
R12=0x0000000000000000 is an unknown value
R13=0x00007f0d0cbf0958 is pointing into the stack for thread: 0x00007f0d08006800
R14=0x00007f0d0cbf09a8 is pointing into the stack for thread: 0x00007f0d08006800
R15=0x00007f0d08006800 is a thread


Stack: [0x00007f0d0caf2000,0x00007f0d0cbf3000],  sp=0x00007f0d0cbf0950,  free space=1018k

---------------  P R O C E S S  ---------------

Java Threads: ( => current thread )
=>0x00007f0d08006800 JavaThread "main" [_thread_in_Java, id=3981, stack(0x00007f0d0caf2000,0x00007f0d0cbf3000)]

Other Threads:
  0x00007f0d08086000 VMThread [stack: 0x00007f0d04276000,0x00007f0d04377000] [id=3988]

VM state:not at safepoint (normal execution)

VM Mutex/Monitor currently owned by a thread: None

Heap
 PSYoungGen      total 34944K, used 600K [0x00000000d90b0000, 0x00000000db7a0000, 0x0000000100000000)
  eden space 30016K, 2% used [0x00000000d90b0000,0x00000000d91461b0,0x00000000dae00000)
  from space 4928K, 0% used [0x00000000db2d0000,0x00000000db2d0000,0x00000000db7a0000)
  to   space 4928K, 0% used [0x00000000dae00000,0x00000000dae00000,0x00000000db2d0000)
 PSOldGen        total 79808K, used 0K [0x000000008b200000, 0x000000008fff0000, 0x00000000d90b0000)
  object space 79808K, 0% used [0x000000008b200000,0x000000008b200000,0x000000008fff0000)
 PSPermGen       total 21248K, used 807K [0x0000000080c00000, 0x00000000820c0000, 0x000000008b200000)
  object space 21248K, 3% used [0x0000000080c00000,0x0000000080cc9c80,0x00000000820c0000)

Code Cache  [0x00007f0d05000000, 0x00007f0d05270000, 0x00007f0d08000000)
 total_blobs=62 nmethods=0 adapters=36 free_code_cache=48826Kb largest_free_block=49997952

Dynamic libraries:
00400000-00401000 r-xp 00000000 08:04 2494926                            /usr/lib/jvm/java-1.7.0-openjdk-1.7.0.1.x86_64/jre/bin/java
00600000-00602000 rw-p 00000000 08:04 2494926                            /usr/lib/jvm/java-1.7.0-openjdk-1.7.0.1.x86_64/jre/bin/java
02051000-02072000 rw-p 00000000 00:00 0                                  [heap]
80c00000-820c0000 rw-p 00000000 00:00 0 
820c0000-8b200000 rw-p 00000000 00:00 0 
8b200000-8fff0000 rw-p 00000000 00:00 0 
8fff0000-d90b0000 rw-p 00000000 00:00 0 
d90b0000-db7a0000 rw-p 00000000 00:00 0 
db7a0000-100000000 rw-p 00000000 00:00 0 
3276e00000-3276e22000 r-xp 00000000 08:04 141535                         /lib64/ld-2.14.90.so
3277021000-3277022000 r--p 00021000 08:04 141535                         /lib64/ld-2.14.90.so
3277022000-3277023000 rw-p 00022000 08:04 141535                         /lib64/ld-2.14.90.so
3277023000-3277024000 rw-p 00000000 00:00 0 
3277200000-32773aa000 r-xp 00000000 08:04 141536                         /lib64/libc-2.14.90.so
32773aa000-32775aa000 ---p 001aa000 08:04 141536                         /lib64/libc-2.14.90.so
32775aa000-32775ae000 r--p 001aa000 08:04 141536                         /lib64/libc-2.14.90.so
32775ae000-32775b0000 rw-p 001ae000 08:04 141536                         /lib64/libc-2.14.90.so
32775b0000-32775b5000 rw-p 00000000 00:00 0 
3277600000-3277683000 r-xp 00000000 08:04 141537                         /lib64/libm-2.14.90.so
3277683000-3277882000 ---p 00083000 08:04 141537                         /lib64/libm-2.14.90.so
3277882000-3277883000 r--p 00082000 08:04 141537                         /lib64/libm-2.14.90.so
3277883000-3277884000 rw-p 00083000 08:04 141537                         /lib64/libm-2.14.90.so
3277a00000-3277a17000 r-xp 00000000 08:04 136316                         /lib64/libpthread-2.14.90.so
3277a17000-3277c16000 ---p 00017000 08:04 136316                         /lib64/libpthread-2.14.90.so
3277c16000-3277c17000 r--p 00016000 08:04 136316                         /lib64/libpthread-2.14.90.so
3277c17000-3277c18000 rw-p 00017000 08:04 136316                         /lib64/libpthread-2.14.90.so
3277c18000-3277c1c000 rw-p 00000000 00:00 0 
3277e00000-3277e02000 r-xp 00000000 08:04 141547                         /lib64/libdl-2.14.90.so
3277e02000-3278002000 ---p 00002000 08:04 141547                         /lib64/libdl-2.14.90.so
3278002000-3278003000 r--p 00002000 08:04 141547                         /lib64/libdl-2.14.90.so
3278003000-3278004000 rw-p 00003000 08:04 141547                         /lib64/libdl-2.14.90.so
3278200000-3278207000 r-xp 00000000 08:04 141552                         /lib64/librt-2.14.90.so
3278207000-3278406000 ---p 00007000 08:04 141552                         /lib64/librt-2.14.90.so
3278406000-3278407000 r--p 00006000 08:04 141552                         /lib64/librt-2.14.90.so
3278407000-3278408000 rw-p 00007000 08:04 141552                         /lib64/librt-2.14.90.so
3278600000-3278617000 r-xp 00000000 08:04 141543                         /lib64/libz.so.1.2.5
3278617000-3278816000 ---p 00017000 08:04 141543                         /lib64/libz.so.1.2.5
3278816000-3278817000 rw-p 00016000 08:04 141543                         /lib64/libz.so.1.2.5
3278a00000-3278a15000 r-xp 00000000 08:04 141548                         /lib64/libgcc_s-4.6.2-20111027.so.1
3278a15000-3278c14000 ---p 00015000 08:04 141548                         /lib64/libgcc_s-4.6.2-20111027.so.1
3278c14000-3278c15000 rw-p 00014000 08:04 141548                         /lib64/libgcc_s-4.6.2-20111027.so.1
3280200000-32802e9000 r-xp 00000000 08:04 141576                         /usr/lib64/libstdc++.so.6.0.16
32802e9000-32804e8000 ---p 000e9000 08:04 141576                         /usr/lib64/libstdc++.so.6.0.16
32804e8000-32804f0000 r--p 000e8000 08:04 141576                         /usr/lib64/libstdc++.so.6.0.16
32804f0000-32804f2000 rw-p 000f0000 08:04 141576                         /usr/lib64/libstdc++.so.6.0.16
32804f2000-3280507000 rw-p 00000000 00:00 0 
39a2e00000-39a2e0c000 r-xp 00000000 08:04 2495533                        /usr/lib/jvm/java-1.7.0-openjdk-1.7.0.1.x86_64/jre/lib/amd64/jli/libjli.so
39a2e0c000-39a300c000 ---p 0000c000 08:04 2495533                        /usr/lib/jvm/java-1.7.0-openjdk-1.7.0.1.x86_64/jre/lib/amd64/jli/libjli.so
39a300c000-39a300d000 rw-p 0000c000 08:04 2495533                        /usr/lib/jvm/java-1.7.0-openjdk-1.7.0.1.x86_64/jre/lib/amd64/jli/libjli.so
7f0cf8000000-7f0cf8021000 rw-p 00000000 00:00 0 
7f0cf8021000-7f0cfc000000 ---p 00000000 00:00 0 
7f0cfc000000-7f0cfc021000 rw-p 00000000 00:00 0 
7f0cfc021000-7f0d00000000 ---p 00000000 00:00 0 
7f0d00000000-7f0d00021000 rw-p 00000000 00:00 0 
7f0d00021000-7f0d04000000 ---p 00000000 00:00 0 
7f0d04175000-7f0d04276000 rw-p 00000000 00:00 0 
7f0d04276000-7f0d04277000 ---p 00000000 00:00 0 
7f0d04277000-7f0d046e6000 rw-p 00000000 00:00 0 
7f0d046e6000-7f0d04894000 r--s 03753000 08:04 2495040                    /usr/lib/jvm/java-1.7.0-openjdk-1.7.0.1.x86_64/jre/lib/rt.jar
7f0d04894000-7f0d04895000 ---p 00000000 00:00 0 
7f0d04895000-7f0d049bc000 rw-p 00000000 00:00 0 
7f0d049bc000-7f0d04c05000 rw-p 00000000 00:00 0 
7f0d04c05000-7f0d04c10000 rw-p 00000000 00:00 0 
7f0d04c10000-7f0d04c58000 rw-p 00000000 00:00 0 
7f0d04c58000-7f0d04c7f000 rw-p 00000000 00:00 0 
7f0d04c7f000-7f0d04ec7000 rw-p 00000000 00:00 0 
7f0d04ec7000-7f0d04edb000 rw-p 00000000 00:00 0 
7f0d04edb000-7f0d04fff000 rw-p 00000000 00:00 0 
7f0d04fff000-7f0d05000000 rw-p 00000000 00:00 0 
7f0d05000000-7f0d05270000 rwxp 00000000 00:00 0 
7f0d05270000-7f0d08090000 rw-p 00000000 00:00 0 
7f0d08090000-7f0d0c000000 ---p 00000000 00:00 0 
7f0d0c04f000-7f0d0c077000 rw-p 00000000 00:00 0 
7f0d0c077000-7f0d0c078000 ---p 00000000 00:00 0 
7f0d0c078000-7f0d0c183000 rw-p 00000000 00:00 0 
7f0d0c183000-7f0d0c1cb000 rw-p 00000000 00:00 0 
7f0d0c1cb000-7f0d0c1d5000 rw-p 00000000 00:00 0 
7f0d0c1d5000-7f0d0c28b000 rw-p 00000000 00:00 0 
7f0d0c28b000-7f0d0c293000 r-xp 00000000 08:04 2494975                    /usr/lib/jvm/java-1.7.0-openjdk-1.7.0.1.x86_64/jre/lib/amd64/libzip.so
7f0d0c293000-7f0d0c492000 ---p 00008000 08:04 2494975                    /usr/lib/jvm/java-1.7.0-openjdk-1.7.0.1.x86_64/jre/lib/amd64/libzip.so
7f0d0c492000-7f0d0c493000 rw-p 00007000 08:04 2494975                    /usr/lib/jvm/java-1.7.0-openjdk-1.7.0.1.x86_64/jre/lib/amd64/libzip.so
7f0d0c493000-7f0d0c49f000 r-xp 00000000 08:04 159787                     /lib64/libnss_files-2.14.90.so
7f0d0c49f000-7f0d0c69e000 ---p 0000c000 08:04 159787                     /lib64/libnss_files-2.14.90.so
7f0d0c69e000-7f0d0c69f000 r--p 0000b000 08:04 159787                     /lib64/libnss_files-2.14.90.so
7f0d0c69f000-7f0d0c6a0000 rw-p 0000c000 08:04 159787                     /lib64/libnss_files-2.14.90.so
7f0d0c6b9000-7f0d0c6e2000 r-xp 00000000 08:04 2494952                    /usr/lib/jvm/java-1.7.0-openjdk-1.7.0.1.x86_64/jre/lib/amd64/libjava.so
7f0d0c6e2000-7f0d0c8e1000 ---p 00029000 08:04 2494952                    /usr/lib/jvm/java-1.7.0-openjdk-1.7.0.1.x86_64/jre/lib/amd64/libjava.so
7f0d0c8e1000-7f0d0c8e3000 rw-p 00028000 08:04 2494952                    /usr/lib/jvm/java-1.7.0-openjdk-1.7.0.1.x86_64/jre/lib/amd64/libjava.so
7f0d0c8e3000-7f0d0c8f1000 r-xp 00000000 08:04 2494974                    /usr/lib/jvm/java-1.7.0-openjdk-1.7.0.1.x86_64/jre/lib/amd64/libverify.so
7f0d0c8f1000-7f0d0caf0000 ---p 0000e000 08:04 2494974                    /usr/lib/jvm/java-1.7.0-openjdk-1.7.0.1.x86_64/jre/lib/amd64/libverify.so
7f0d0caf0000-7f0d0caf2000 rw-p 0000d000 08:04 2494974                    /usr/lib/jvm/java-1.7.0-openjdk-1.7.0.1.x86_64/jre/lib/amd64/libverify.so
7f0d0caf2000-7f0d0caf5000 ---p 00000000 00:00 0 
7f0d0caf5000-7f0d0cbf3000 rw-p 00000000 00:00 0 
7f0d0cbf3000-7f0d0d57b000 r-xp 00000000 08:04 2494979                    /usr/lib/jvm/java-1.7.0-openjdk-1.7.0.1.x86_64/jre/lib/amd64/server/libjvm.so
7f0d0d57b000-7f0d0d77b000 ---p 00988000 08:04 2494979                    /usr/lib/jvm/java-1.7.0-openjdk-1.7.0.1.x86_64/jre/lib/amd64/server/libjvm.so
7f0d0d77b000-7f0d0d814000 rw-p 00988000 08:04 2494979                    /usr/lib/jvm/java-1.7.0-openjdk-1.7.0.1.x86_64/jre/lib/amd64/server/libjvm.so
7f0d0d814000-7f0d0d844000 rw-p 00000000 00:00 0 
7f0d0d853000-7f0d0d85b000 rw-s 00000000 08:04 794118                     /tmp/hsperfdata_philipp/3980
7f0d0d85b000-7f0d0d85c000 rw-p 00000000 00:00 0 
7f0d0d85c000-7f0d0d85d000 r--p 00000000 00:00 0 
7f0d0d85d000-7f0d0d85e000 rw-p 00000000 00:00 0 
7fff916ec000-7fff9170d000 rw-p 00000000 00:00 0                          [stack]
7fff917b8000-7fff917b9000 r-xp 00000000 00:00 0                          [vdso]
ffffffffff600000-ffffffffff601000 r-xp 00000000 00:00 0                  [vsyscall]

VM Arguments:
jvm_args: -Dmozartspaces.configurationFile=mozartspaces-client.xml 
java_command: tu.spacebased.bsp1.workers.Tester 1 0
Launcher Type: SUN_STANDARD

Environment Variables:
PATH=/usr/local/bin:/usr/bin:/bin:/usr/local/sbin:/usr/sbin:/sbin:/home/philipp/.local/bin:/home/philipp/bin
USERNAME=philipp
SHELL=/bin/bash
DISPLAY=:0.0

Signal Handlers:
SIGSEGV: [libjvm.so+0x7fee70], sa_mask[0]=0x7ffbfeff, sa_flags=0x10000004
SIGBUS: [libjvm.so+0x7fee70], sa_mask[0]=0x7ffbfeff, sa_flags=0x10000004
SIGFPE: [libjvm.so+0x6a3cc0], sa_mask[0]=0x7ffbfeff, sa_flags=0x10000004
SIGPIPE: [libjvm.so+0x6a3cc0], sa_mask[0]=0x7ffbfeff, sa_flags=0x10000004
SIGXFSZ: [libjvm.so+0x6a3cc0], sa_mask[0]=0x7ffbfeff, sa_flags=0x10000004
SIGILL: [libjvm.so+0x6a3cc0], sa_mask[0]=0x7ffbfeff, sa_flags=0x10000004
SIGUSR1: SIG_DFL, sa_mask[0]=0x00000000, sa_flags=0x00000000
SIGUSR2: [libjvm.so+0x6a4040], sa_mask[0]=0x00000000, sa_flags=0x10000004
SIGHUP: SIG_DFL, sa_mask[0]=0x00000000, sa_flags=0x00000000
SIGINT: SIG_DFL, sa_mask[0]=0x00000000, sa_flags=0x00000000
SIGTERM: SIG_DFL, sa_mask[0]=0x00000000, sa_flags=0x00000000
SIGQUIT: SIG_DFL, sa_mask[0]=0x00000000, sa_flags=0x00000000


---------------  S Y S T E M  ---------------

OS:Fedora release 16 (Verne)

uname:Linux 3.1.2-1.fc16.x86_64 #1 SMP Tue Nov 22 09:00:57 UTC 2011 x86_64
libc:glibc 2.14.90 NPTL 2.14.90 
rlimit: STACK 8192k, CORE 0k, NPROC 1024, NOFILE 4096, AS infinity
load average:0.12 0.26 0.17

/proc/meminfo:
MemTotal:        7656040 kB
MemFree:         4904304 kB
Buffers:           78776 kB
Cached:          1110728 kB
SwapCached:            0 kB
Active:          1545356 kB
Inactive:         914404 kB
Active(anon):    1277552 kB
Inactive(anon):    49972 kB
Active(file):     267804 kB
Inactive(file):   864432 kB
Unevictable:         112 kB
Mlocked:             112 kB
SwapTotal:       4881404 kB
SwapFree:        4881404 kB
Dirty:               172 kB
Writeback:             0 kB
AnonPages:       1261116 kB
Mapped:           135580 kB
Shmem:             57276 kB
Slab:             117008 kB
SReclaimable:      68252 kB
SUnreclaim:        48756 kB
KernelStack:        9616 kB
PageTables:        32036 kB
NFS_Unstable:          0 kB
Bounce:                0 kB
WritebackTmp:          0 kB
CommitLimit:     8709424 kB
Committed_AS:    3881568 kB
VmallocTotal:   34359738367 kB
VmallocUsed:      322684 kB
VmallocChunk:   34359406572 kB
HardwareCorrupted:     0 kB
AnonHugePages:    796672 kB
HugePages_Total:       0
HugePages_Free:        0
HugePages_Rsvd:        0
HugePages_Surp:        0
Hugepagesize:       2048 kB
DirectMap4k:       12480 kB
DirectMap2M:     2600960 kB
DirectMap1G:     5242880 kB


CPU:total 2 (2 cores per cpu, 1 threads per core) family 16 model 6 stepping 2, cmov, cx8, fxsr, mmx, sse, sse2, sse3, popcnt, mmxext, 3dnowpref, lzcnt, sse4a

Memory: 4k page, physical 7656040k(4905668k free), swap 4881404k(4881404k free)

vm_info: OpenJDK 64-Bit Server VM (21.0-b17) for linux-amd64 JRE (1.7.0_b147-icedtea-mockbuild_2011_11_15_23_47-b00), built on Nov 15 2011 23:51:11 by "mockbuild" with gcc 4.6.2 20111027 (Red Hat 4.6.2-1)

time: Mon Dec  5 18:03:12 2011
elapsed time: 0 seconds

