#
# There is insufficient memory for the Java Runtime Environment to continue.
# Cannot create GC thread. Out of system resources.
# Possible reasons:
#   The system is out of physical RAM or swap space
#   In 32 bit mode, the process size limit was hit
# Possible solutions:
#   Reduce memory load on the system
#   Increase physical memory or swap space
#   Check if swap backing store is full
#   Use 64 bit Java on a 64 bit OS
#   Decrease Java heap size (-Xmx/-Xms)
#   Decrease number of Java threads
#   Decrease Java thread stack sizes (-Xss)
#   Set larger code cache with -XX:ReservedCodeCacheSize=
# This output file may be truncated or incomplete.
#
#  Out of Memory Error (gcTaskThread.cpp:46), pid=29675, tid=140022144546560
#
# JRE version: 6.0_22-b22
# Java VM: OpenJDK 64-Bit Server VM (20.0-b11 mixed mode linux-amd64 compressed oops)
# Derivative: IcedTea6 1.10.4
# Distribution: Fedora release 16 (Verne), package fedora-60.1.10.4.fc16-x86_64

---------------  T H R E A D  ---------------

Current thread (0x00007f596c007000):  JavaThread "Unknown thread" [_thread_in_vm, id=29677, stack(0x00007f59721fb000,0x00007f59722fc000)]

Stack: [0x00007f59721fb000,0x00007f59722fc000],  sp=0x00007f59722fa6b0,  free space=1021k
Native frames: (J=compiled Java code, j=interpreted, Vv=VM code, C=native code)
V  [libjvm.so+0x7848d5]  JVM_handle_linux_signal+0x132205
V  [libjvm.so+0x784b49]  JVM_handle_linux_signal+0x132479
V  [libjvm.so+0x3ba2dd]  ftell+0x3ba2dd
V  [libjvm.so+0x435eba]  AsyncGetCallTrace+0x2775a
V  [libjvm.so+0x43528b]  AsyncGetCallTrace+0x26b2b
V  [libjvm.so+0x663ccb]  JVM_handle_linux_signal+0x115fb
V  [libjvm.so+0x75f5ca]  JVM_handle_linux_signal+0x10cefa
V  [libjvm.so+0x75f90a]  JVM_handle_linux_signal+0x10d23a
V  [libjvm.so+0x472a7a]  AsyncGetCallTrace+0x6431a
V  [libjvm.so+0x74b70a]  JVM_handle_linux_signal+0xf903a
V  [libjvm.so+0x4cfc92]  JNI_CreateJavaVM+0x62
C  [java+0x2ece]  JavaMain+0x7e


---------------  P R O C E S S  ---------------

Java Threads: ( => current thread )

Other Threads:

=>0x00007f596c007000 (exited) JavaThread "Unknown thread" [_thread_in_vm, id=29677, stack(0x00007f59721fb000,0x00007f59722fc000)]

VM state:not at safepoint (not fully initialized)

VM Mutex/Monitor currently owned by a thread: None

Dynamic libraries:
00400000-00408000 r-xp 00000000 08:04 789320                             /usr/lib/jvm/java-1.6.0-openjdk-1.6.0.0.x86_64/jre/bin/java
00608000-00609000 rw-p 00008000 08:04 789320                             /usr/lib/jvm/java-1.6.0-openjdk-1.6.0.0.x86_64/jre/bin/java
01629000-0164a000 rw-p 00000000 00:00 0                                  [heap]
80c00000-820c0000 rw-p 00000000 00:00 0 
820c0000-8b200000 rw-p 00000000 00:00 0 
8b200000-8fff0000 rw-p 00000000 00:00 0 
8fff0000-d90b0000 rw-p 00000000 00:00 0 
d90b0000-db7a0000 rw-p 00000000 00:00 0 
db7a0000-100000000 rw-p 00000000 00:00 0 
3276e00000-3276e22000 r-xp 00000000 08:04 141535                         /lib64/ld-2.14.90.so
3277021000-3277022000 r--p 00021000 08:04 141535                         /lib64/ld-2.14.90.so
3277022000-3277023000 rw-p 00022000 08:04 141535                         /lib64/ld-2.14.90.so
3277023000-3277024000 rw-p 00000000 00:00 0 
3277200000-32773aa000 r-xp 00000000 08:04 141536                         /lib64/libc-2.14.90.so
32773aa000-32775aa000 ---p 001aa000 08:04 141536                         /lib64/libc-2.14.90.so
32775aa000-32775ae000 r--p 001aa000 08:04 141536                         /lib64/libc-2.14.90.so
32775ae000-32775b0000 rw-p 001ae000 08:04 141536                         /lib64/libc-2.14.90.so
32775b0000-32775b5000 rw-p 00000000 00:00 0 
3277600000-3277604000 r-xp 00000000 08:04 794046                         /usr/lib/jvm/java-1.6.0-openjdk-1.6.0.0.x86_64/jre/lib/amd64/jli/libjli.so
3277604000-3277803000 ---p 00004000 08:04 794046                         /usr/lib/jvm/java-1.6.0-openjdk-1.6.0.0.x86_64/jre/lib/amd64/jli/libjli.so
3277803000-3277804000 rw-p 00003000 08:04 794046                         /usr/lib/jvm/java-1.6.0-openjdk-1.6.0.0.x86_64/jre/lib/amd64/jli/libjli.so
3277a00000-3277a17000 r-xp 00000000 08:04 136316                         /lib64/libpthread-2.14.90.so
3277a17000-3277c16000 ---p 00017000 08:04 136316                         /lib64/libpthread-2.14.90.so
3277c16000-3277c17000 r--p 00016000 08:04 136316                         /lib64/libpthread-2.14.90.so
3277c17000-3277c18000 rw-p 00017000 08:04 136316                         /lib64/libpthread-2.14.90.so
3277c18000-3277c1c000 rw-p 00000000 00:00 0 
3277e00000-3277e02000 r-xp 00000000 08:04 141547                         /lib64/libdl-2.14.90.so
3277e02000-3278002000 ---p 00002000 08:04 141547                         /lib64/libdl-2.14.90.so
3278002000-3278003000 r--p 00002000 08:04 141547                         /lib64/libdl-2.14.90.so
3278003000-3278004000 rw-p 00003000 08:04 141547                         /lib64/libdl-2.14.90.so
3278200000-3278207000 r-xp 00000000 08:04 141552                         /lib64/librt-2.14.90.so
3278207000-3278406000 ---p 00007000 08:04 141552                         /lib64/librt-2.14.90.so
3278406000-3278407000 r--p 00006000 08:04 141552                         /lib64/librt-2.14.90.so
3278407000-3278408000 rw-p 00007000 08:04 141552                         /lib64/librt-2.14.90.so
3278600000-3278617000 r-xp 00000000 08:04 141543                         /lib64/libz.so.1.2.5
3278617000-3278816000 ---p 00017000 08:04 141543                         /lib64/libz.so.1.2.5
3278816000-3278817000 rw-p 00016000 08:04 141543                         /lib64/libz.so.1.2.5
3278a00000-3278a15000 r-xp 00000000 08:04 141548                         /lib64/libgcc_s-4.6.2-20111027.so.1
3278a15000-3278c14000 ---p 00015000 08:04 141548                         /lib64/libgcc_s-4.6.2-20111027.so.1
3278c14000-3278c15000 rw-p 00014000 08:04 141548                         /lib64/libgcc_s-4.6.2-20111027.so.1
3280200000-32802e9000 r-xp 00000000 08:04 141576                         /usr/lib64/libstdc++.so.6.0.16
32802e9000-32804e8000 ---p 000e9000 08:04 141576                         /usr/lib64/libstdc++.so.6.0.16
32804e8000-32804f0000 r--p 000e8000 08:04 141576                         /usr/lib64/libstdc++.so.6.0.16
32804f0000-32804f2000 rw-p 000f0000 08:04 141576                         /usr/lib64/libstdc++.so.6.0.16
32804f2000-3280507000 rw-p 00000000 00:00 0 
328ae00000-328ae17000 r-xp 00000000 08:04 141744                         /lib64/libnsl-2.14.90.so
328ae17000-328b016000 ---p 00017000 08:04 141744                         /lib64/libnsl-2.14.90.so
328b016000-328b017000 r--p 00016000 08:04 141744                         /lib64/libnsl-2.14.90.so
328b017000-328b018000 rw-p 00017000 08:04 141744                         /lib64/libnsl-2.14.90.so
328b018000-328b01a000 rw-p 00000000 00:00 0 
7f5969000000-7f5969270000 rwxp 00000000 00:00 0 
7f5969270000-7f596c030000 rw-p 00000000 00:00 0 
7f596c030000-7f5970000000 ---p 00000000 00:00 0 
7f5971111000-7f5971112000 ---p 00000000 00:00 0 
7f5971112000-7f597121d000 rw-p 00000000 00:00 0 
7f597121d000-7f5971265000 rw-p 00000000 00:00 0 
7f5971265000-7f597128c000 rw-p 00000000 00:00 0 
7f597128c000-7f59714d5000 rw-p 00000000 00:00 0 
7f59714d5000-7f59714e0000 rw-p 00000000 00:00 0 
7f59714e0000-7f5971528000 rw-p 00000000 00:00 0 
7f5971528000-7f597154f000 rw-p 00000000 00:00 0 
7f597154f000-7f5971797000 rw-p 00000000 00:00 0 
7f5971797000-7f59717ab000 rw-p 00000000 00:00 0 
7f59717ab000-7f59718cf000 rw-p 00000000 00:00 0 
7f59718cf000-7f59718da000 rw-p 00000000 00:00 0 
7f59718da000-7f5971990000 rw-p 00000000 00:00 0 
7f5971990000-7f5971997000 r-xp 00000000 08:04 789352                     /usr/lib/jvm/java-1.6.0-openjdk-1.6.0.0.x86_64/jre/lib/amd64/libzip.so
7f5971997000-7f5971b96000 ---p 00007000 08:04 789352                     /usr/lib/jvm/java-1.6.0-openjdk-1.6.0.0.x86_64/jre/lib/amd64/libzip.so
7f5971b96000-7f5971b97000 rw-p 00006000 08:04 789352                     /usr/lib/jvm/java-1.6.0-openjdk-1.6.0.0.x86_64/jre/lib/amd64/libzip.so
7f5971b97000-7f5971ba3000 r-xp 00000000 08:04 159787                     /lib64/libnss_files-2.14.90.so
7f5971ba3000-7f5971da2000 ---p 0000c000 08:04 159787                     /lib64/libnss_files-2.14.90.so
7f5971da2000-7f5971da3000 r--p 0000b000 08:04 159787                     /lib64/libnss_files-2.14.90.so
7f5971da3000-7f5971da4000 rw-p 0000c000 08:04 159787                     /lib64/libnss_files-2.14.90.so
7f5971dbd000-7f5971de9000 r-xp 00000000 08:04 789332                     /usr/lib/jvm/java-1.6.0-openjdk-1.6.0.0.x86_64/jre/lib/amd64/libjava.so
7f5971de9000-7f5971fe8000 ---p 0002c000 08:04 789332                     /usr/lib/jvm/java-1.6.0-openjdk-1.6.0.0.x86_64/jre/lib/amd64/libjava.so
7f5971fe8000-7f5971fec000 rw-p 0002b000 08:04 789332                     /usr/lib/jvm/java-1.6.0-openjdk-1.6.0.0.x86_64/jre/lib/amd64/libjava.so
7f5971fec000-7f5971ffa000 r-xp 00000000 08:04 789351                     /usr/lib/jvm/java-1.6.0-openjdk-1.6.0.0.x86_64/jre/lib/amd64/libverify.so
7f5971ffa000-7f59721f9000 ---p 0000e000 08:04 789351                     /usr/lib/jvm/java-1.6.0-openjdk-1.6.0.0.x86_64/jre/lib/amd64/libverify.so
7f59721f9000-7f59721fb000 rw-p 0000d000 08:04 789351                     /usr/lib/jvm/java-1.6.0-openjdk-1.6.0.0.x86_64/jre/lib/amd64/libverify.so
7f59721fb000-7f59721fe000 ---p 00000000 00:00 0 
7f59721fe000-7f59722fc000 rw-p 00000000 00:00 0 
7f59722fc000-7f597237f000 r-xp 00000000 08:04 141537                     /lib64/libm-2.14.90.so
7f597237f000-7f597257e000 ---p 00083000 08:04 141537                     /lib64/libm-2.14.90.so
7f597257e000-7f597257f000 r--p 00082000 08:04 141537                     /lib64/libm-2.14.90.so
7f597257f000-7f5972580000 rw-p 00083000 08:04 141537                     /lib64/libm-2.14.90.so
7f5972580000-7f5972e85000 r-xp 00000000 08:04 789358                     /usr/lib/jvm/java-1.6.0-openjdk-1.6.0.0.x86_64/jre/lib/amd64/server/libjvm.so
7f5972e85000-7f5973084000 ---p 00905000 08:04 789358                     /usr/lib/jvm/java-1.6.0-openjdk-1.6.0.0.x86_64/jre/lib/amd64/server/libjvm.so
7f5973084000-7f597311f000 rw-p 00904000 08:04 789358                     /usr/lib/jvm/java-1.6.0-openjdk-1.6.0.0.x86_64/jre/lib/amd64/server/libjvm.so
7f597311f000-7f597314d000 rw-p 00000000 00:00 0 
7f597315c000-7f5973164000 rw-s 00000000 08:04 794119                     /tmp/hsperfdata_philipp/29675
7f5973164000-7f5973165000 rw-p 00000000 00:00 0 
7f5973165000-7f5973166000 r--p 00000000 00:00 0 
7f5973166000-7f5973167000 rw-p 00000000 00:00 0 
7fff23a6f000-7fff23aa5000 rw-p 00000000 00:00 0                          [stack]
7fff23b57000-7fff23b58000 r-xp 00000000 00:00 0                          [vdso]
ffffffffff600000-ffffffffff601000 r-xp 00000000 00:00 0                  [vsyscall]

VM Arguments:
java_command: /home/philipp/workspace/space-based-computing/spacebsp1/target/surefire/surefirebooter2781823795505318245.jar /home/philipp/workspace/space-based-computing/spacebsp1/target/surefire/surefire5244139849318977560tmp /home/philipp/workspace/space-based-computing/spacebsp1/target/surefire/surefire7177054950314138900tmp
Launcher Type: SUN_STANDARD

Environment Variables:
PATH=/usr/local/bin:/usr/bin:/bin:/usr/local/sbin:/usr/sbin:/sbin:/home/philipp/.local/bin:/home/philipp/bin
USERNAME=philipp
LD_LIBRARY_PATH=/usr/lib/jvm/java-1.6.0-openjdk-1.6.0.0.x86_64/jre/lib/amd64/server:/usr/lib/jvm/java-1.6.0-openjdk-1.6.0.0.x86_64/jre/lib/amd64:/usr/lib/jvm/java-1.6.0-openjdk-1.6.0.0.x86_64/jre/../lib/amd64
SHELL=/bin/bash
DISPLAY=:0

Signal Handlers:
SIGSEGV: [libjvm.so+0x785500], sa_mask[0]=0x7ffbfeff, sa_flags=0x10000004
SIGBUS: [libjvm.so+0x785500], sa_mask[0]=0x7ffbfeff, sa_flags=0x10000004
SIGFPE: [libjvm.so+0x64a4c0], sa_mask[0]=0x7ffbfeff, sa_flags=0x10000004
SIGPIPE: [libjvm.so+0x64a4c0], sa_mask[0]=0x7ffbfeff, sa_flags=0x10000004
SIGXFSZ: [libjvm.so+0x64a4c0], sa_mask[0]=0x7ffbfeff, sa_flags=0x10000004
SIGILL: [libjvm.so+0x64a4c0], sa_mask[0]=0x7ffbfeff, sa_flags=0x10000004
SIGUSR1: SIG_DFL, sa_mask[0]=0x00000000, sa_flags=0x00000000
SIGUSR2: [libjvm.so+0x64a650], sa_mask[0]=0x00000004, sa_flags=0x10000004
SIGHUP: SIG_DFL, sa_mask[0]=0x00000000, sa_flags=0x00000000
SIGINT: SIG_DFL, sa_mask[0]=0x00000000, sa_flags=0x00000000
SIGTERM: SIG_DFL, sa_mask[0]=0x00000000, sa_flags=0x00000000
SIGQUIT: SIG_DFL, sa_mask[0]=0x00000000, sa_flags=0x00000000


---------------  S Y S T E M  ---------------

OS:Fedora release 16 (Verne)

uname:Linux 3.1.2-1.fc16.x86_64 #1 SMP Tue Nov 22 09:00:57 UTC 2011 x86_64
libc:glibc 2.14.90 NPTL 2.14.90 
rlimit: STACK 8192k, CORE 0k, NPROC 1024, NOFILE 4096, AS infinity
load average:0.69 0.46 0.41

/proc/meminfo:
MemTotal:        7656040 kB
MemFree:         2666520 kB
Buffers:          145596 kB
Cached:          2237828 kB
SwapCached:            0 kB
Active:          3219164 kB
Inactive:        1311112 kB
Active(anon):    2155192 kB
Inactive(anon):    50120 kB
Active(file):    1063972 kB
Inactive(file):  1260992 kB
Unevictable:          80 kB
Mlocked:              80 kB
SwapTotal:       4881404 kB
SwapFree:        4881404 kB
Dirty:              2148 kB
Writeback:             0 kB
AnonPages:       2143172 kB
Mapped:           227136 kB
Shmem:             58292 kB
Slab:             165076 kB
SReclaimable:     109276 kB
SUnreclaim:        55800 kB
KernelStack:        9672 kB
PageTables:        49752 kB
NFS_Unstable:          0 kB
Bounce:                0 kB
WritebackTmp:          0 kB
CommitLimit:     8709424 kB
Committed_AS:    5460536 kB
VmallocTotal:   34359738367 kB
VmallocUsed:      323100 kB
VmallocChunk:   34359376964 kB
HardwareCorrupted:     0 kB
AnonHugePages:   1380352 kB
HugePages_Total:       0
HugePages_Free:        0
HugePages_Rsvd:        0
HugePages_Surp:        0
Hugepagesize:       2048 kB
DirectMap4k:      110784 kB
DirectMap2M:     2502656 kB
DirectMap1G:     5242880 kB


CPU:total 2 (2 cores per cpu, 1 threads per core) family 16 model 6 stepping 2, cmov, cx8, fxsr, mmx, sse, sse2, sse3, popcnt, mmxext, 3dnow, 3dnowext, lzcnt, sse4a

Memory: 4k page, physical 7656040k(2666520k free), swap 4881404k(4881404k free)

vm_info: OpenJDK 64-Bit Server VM (20.0-b11) for linux-amd64 JRE (1.6.0_22-b22), built on Oct 27 2011 21:26:10 by "mockbuild" with gcc 4.6.1 20111003 (Red Hat 4.6.1-10)

time: Mon Dec  5 01:45:49 2011
elapsed time: 0 seconds

